TN:
SF:/Users/naoppy/Desktop/space-apps-kushimoto.github.io/gatsby-node.js
FN:10,(anonymous_0)
FN:14,(anonymous_1)
FN:33,(anonymous_2)
FN:36,(anonymous_3)
FN:38,(anonymous_4)
FN:60,(anonymous_5)
FN:65,(anonymous_6)
FN:69,(anonymous_7)
FN:70,(anonymous_8)
FN:82,(anonymous_9)
FN:85,(anonymous_10)
FN:97,(anonymous_11)
FNF:12
FNH:12
FNDA:58,(anonymous_0)
FNDA:2,(anonymous_1)
FNDA:6,(anonymous_2)
FNDA:6,(anonymous_3)
FNDA:18,(anonymous_4)
FNDA:6,(anonymous_5)
FNDA:58,(anonymous_6)
FNDA:58,(anonymous_7)
FNDA:57,(anonymous_8)
FNDA:58,(anonymous_9)
FNDA:3,(anonymous_10)
FNDA:8,(anonymous_11)
DA:1,1
DA:2,1
DA:3,1
DA:9,1
DA:10,58
DA:14,1
DA:15,2
DA:17,2
DA:18,1
DA:19,1
DA:20,1
DA:23,2
DA:25,1
DA:33,1
DA:34,6
DA:36,6
DA:37,6
DA:39,18
DA:43,6
DA:61,6
DA:62,1
DA:65,58
DA:68,5
DA:69,58
DA:71,57
DA:81,5
DA:83,58
DA:86,3
DA:96,5
DA:97,5
DA:98,8
DA:107,5
LF:32
LH:32
BRDA:17,0,0,1
BRDA:17,0,1,1
BRDA:23,1,0,1
BRDA:23,1,1,1
BRDA:61,2,0,1
BRDA:61,2,1,5
BRF:6
BRH:6
end_of_record
TN:
SF:/Users/naoppy/Desktop/space-apps-kushimoto.github.io/src/store.ts
FN:14,(anonymous_0)
FN:17,(anonymous_1)
FNF:2
FNH:2
FNDA:1,(anonymous_0)
FNDA:1,(anonymous_1)
DA:1,1
DA:2,1
DA:9,1
DA:14,1
DA:17,1
DA:18,1
DA:20,0
DA:22,1
DA:27,1
DA:28,1
LF:10
LH:9
BRDA:19,0,0,0
BRDA:19,0,1,1
BRF:2
BRH:1
end_of_record
TN:
SF:/Users/naoppy/Desktop/space-apps-kushimoto.github.io/src/components/BlogPagination/BlogPagination.tsx
FN:12,(anonymous_6)
FN:20,(anonymous_7)
FNF:2
FNH:2
FNDA:5,(anonymous_6)
FNDA:45,(anonymous_7)
DA:1,1
DA:3,1
DA:4,1
DA:12,1
DA:13,5
DA:14,4
DA:18,4
DA:21,45
DA:23,45
DA:24,45
DA:25,45
DA:26,45
DA:27,45
DA:28,23
DA:39,22
LF:15
LH:15
BRDA:13,0,0,1
BRDA:13,0,1,4
BRDA:15,1,0,3
BRDA:15,1,1,1
BRDA:23,2,0,5
BRDA:23,2,1,40
BRDA:24,3,0,45
BRDA:24,3,1,22
BRDA:27,4,0,23
BRDA:27,4,1,22
BRDA:27,5,0,45
BRDA:27,5,1,27
BRDA:27,5,2,25
BRDA:40,6,0,5
BRDA:40,6,1,17
BRDA:39,7,0,22
BRDA:39,7,1,19
BRF:17
BRH:17
end_of_record
TN:
SF:/Users/naoppy/Desktop/space-apps-kushimoto.github.io/src/components/HeaderMenu/HeaderMenu.tsx
FN:13,(anonymous_6)
FN:26,(anonymous_7)
FN:31,(anonymous_8)
FNF:3
FNH:3
FNDA:5,(anonymous_6)
FNDA:1,(anonymous_7)
FNDA:15,(anonymous_8)
DA:1,1
DA:2,1
DA:4,1
DA:5,1
DA:13,1
DA:20,5
DA:26,1
DA:32,15
DA:35,15
DA:50,1
LF:10
LH:10
BRDA:26,0,0,1
BRDA:26,0,1,1
BRDA:33,1,0,10
BRDA:33,1,1,5
BRF:4
BRH:4
end_of_record
TN:
SF:/Users/naoppy/Desktop/space-apps-kushimoto.github.io/src/components/SidebarMenu/SidebarMenu.tsx
FN:16,(anonymous_6)
FN:17,(anonymous_7)
FN:18,(anonymous_8)
FN:22,(anonymous_9)
FN:35,(anonymous_10)
FNF:5
FNH:4
FNDA:1,(anonymous_6)
FNDA:4,(anonymous_7)
FNDA:1,(anonymous_8)
FNDA:3,(anonymous_9)
FNDA:0,(anonymous_10)
DA:1,1
DA:2,1
DA:7,1
DA:16,1
DA:17,4
DA:18,1
DA:19,1
DA:23,3
DA:24,3
DA:35,1
DA:39,1
LF:11
LH:11
BRDA:17,0,0,3
BRDA:17,0,1,1
BRDA:18,1,0,1
BRDA:18,1,1,0
BRF:4
BRH:3
end_of_record
TN:
SF:/Users/naoppy/Desktop/space-apps-kushimoto.github.io/src/components/TagsCard/TagsCard.tsx
FN:12,(anonymous_6)
FN:22,(anonymous_7)
FNF:2
FNH:2
FNDA:2,(anonymous_6)
FNDA:6,(anonymous_7)
DA:1,1
DA:3,1
DA:12,1
DA:13,2
DA:23,6
DA:24,6
DA:27,6
DA:28,6
LF:8
LH:8
BRDA:27,0,0,1
BRDA:27,0,1,5
BRDA:30,1,0,1
BRDA:30,1,1,5
BRDA:31,2,0,1
BRDA:31,2,1,5
BRF:6
BRH:6
end_of_record
